Using pre-set license
Built from '2020.3/release' branch; Version is '2020.3.7f1 (dd97f2c94397) revision 14522354'; Using compiler version '192528614'; Build Type 'Release'
OS: 'Windows 10 Home; OS build 22000.434; Version 2009; 64bit' Language: 'ja' Physical Memory: 15789 MB
BatchMode: 1, IsHumanControllingUs: 0, StartBugReporterOnCrash: 0, Is64bit: 1, IsPro: 0

 COMMAND LINE ARGUMENTS:
C:\Program Files\Unity\Hub\Editor\2020.3.7f1\Editor\Unity.exe
-adb2
-batchMode
-noUpm
-name
AssetImportWorker0
-projectPath
C:/Users/shunk/Desktop/Unity/UdemyNonFieldRPG
-logFile
Logs/AssetImportWorker0.log
-srvPort
50658
Successfully changed project path to: C:/Users/shunk/Desktop/Unity/UdemyNonFieldRPG
C:/Users/shunk/Desktop/Unity/UdemyNonFieldRPG
Using Asset Import Pipeline V2.
Refreshing native plugins compatible for Editor in 111.70 ms, found 1 plugins.
Preloading 0 native plugins for Editor in 0.00 ms.
Initialize engine version: 2020.3.7f1 (dd97f2c94397)
[Subsystems] Discovering subsystems at path C:/Program Files/Unity/Hub/Editor/2020.3.7f1/Editor/Data/Resources/UnitySubsystems
[Subsystems] Discovering subsystems at path C:/Users/shunk/Desktop/Unity/UdemyNonFieldRPG/Assets
GfxDevice: creating device client; threaded=0
Direct3D:
    Version:  Direct3D 11.0 [level 11.1]
    Renderer: AMD Radeon(TM) Graphics (ID=0x1636)
    Vendor:   
    VRAM:     7894 MB
    Driver:   27.20.1020.2002
Initialize mono
Mono path[0] = 'C:/Program Files/Unity/Hub/Editor/2020.3.7f1/Editor/Data/Managed'
Mono path[1] = 'C:/Program Files/Unity/Hub/Editor/2020.3.7f1/Editor/Data/MonoBleedingEdge/lib/mono/unityjit'
Mono config path = 'C:/Program Files/Unity/Hub/Editor/2020.3.7f1/Editor/Data/MonoBleedingEdge/etc'
Using monoOptions --debugger-agent=transport=dt_socket,embedding=1,server=y,suspend=n,address=127.0.0.1:56700
Begin MonoManager ReloadAssembly
Registering precompiled unity dll's ...
Register platform support module: C:/Program Files/Unity/Hub/Editor/2020.3.7f1/Editor/Data/PlaybackEngines/WebGLSupport/UnityEditor.WebGL.Extensions.dll
Register platform support module: C:/Program Files/Unity/Hub/Editor/2020.3.7f1/Editor/Data/PlaybackEngines/WindowsStandaloneSupport/UnityEditor.WindowsStandalone.Extensions.dll
Registered in 0.005074 seconds.
Native extension for WindowsStandalone target not found
Native extension for WebGL target not found
Refreshing native plugins compatible for Editor in 136.65 ms, found 1 plugins.
Preloading 0 native plugins for Editor in 0.00 ms.
Mono: successfully reloaded assembly
- Completed reload, in  5.205 seconds
Platform modules already initialized, skipping
Registering precompiled user dll's ...
Registered in 0.005843 seconds.
Begin MonoManager ReloadAssembly
Native extension for WindowsStandalone target not found
Native extension for WebGL target not found
Refreshing native plugins compatible for Editor in 118.30 ms, found 1 plugins.
Preloading 0 native plugins for Editor in 0.00 ms.
Mono: successfully reloaded assembly
- Completed reload, in  2.741 seconds
Platform modules already initialized, skipping
========================================================================
Worker process is ready to serve import requests
Launched and connected shader compiler UnityShaderCompiler.exe after 0.13 seconds
Refreshing native plugins compatible for Editor in 0.70 ms, found 1 plugins.
Preloading 0 native plugins for Editor in 0.00 ms.
Unloading 1846 Unused Serialized files (Serialized files now loaded: 0)
System memory in use before: 89.8 MB.
System memory in use after: 89.7 MB.

Unloading 27 unused Assets to reduce memory usage. Loaded Objects now: 2298.
Total: 4.809200 ms (FindLiveObjects: 0.450100 ms CreateObjectMapping: 0.216600 ms MarkObjects: 3.891100 ms  DeleteObjects: 0.248800 ms)

========================================================================
Received Import Request.
  path: Assets/Scripts/Quest/BattleManager.cs
  artifactKey: Guid(639caf65496c6e44a8443b22b154aca8) Importer(815301076,1909f56bfc062723c751e8b465ee728b)
Start importing Assets/Scripts/Quest/BattleManager.cs using Guid(639caf65496c6e44a8443b22b154aca8) Importer(815301076,1909f56bfc062723c751e8b465ee728b)  -> (artifact id: 'df0a6f5b78082e30d1808ad71dd0d5b2') in 0.048997 seconds
  Import took 0.057576 seconds .

========================================================================
Received Import Request.
  Time since last request: 398.501548 seconds.
  path: Assets/Scripts/Quest/BattleManager.cs
  artifactKey: Guid(639caf65496c6e44a8443b22b154aca8) Importer(815301076,1909f56bfc062723c751e8b465ee728b)
Start importing Assets/Scripts/Quest/BattleManager.cs using Guid(639caf65496c6e44a8443b22b154aca8) Importer(815301076,1909f56bfc062723c751e8b465ee728b)  -> (artifact id: '1a5b5026ca8abb3a0776a6b26bf7062f') in 0.008352 seconds
  Import took 0.017037 seconds .

========================================================================
Received Prepare
Registering precompiled user dll's ...
Registered in 0.006346 seconds.
Begin MonoManager ReloadAssembly
Native extension for WindowsStandalone target not found
Native extension for WebGL target not found
Refreshing native plugins compatible for Editor in 0.76 ms, found 1 plugins.
Preloading 0 native plugins for Editor in 0.00 ms.
Mono: successfully reloaded assembly
- Completed reload, in  2.189 seconds
Platform modules already initialized, skipping
Switching build target platform(5) subTarget(0) extendedPlatform(0) -> platform(13) subTarget(537395200) extendedPlatform(0)
Refreshing native plugins compatible for Editor in 0.76 ms, found 1 plugins.
Preloading 0 native plugins for Editor in 0.00 ms.
Unloading 1842 Unused Serialized files (Serialized files now loaded: 0)
System memory in use before: 89.5 MB.
System memory in use after: 89.5 MB.

Unloading 15 unused Assets to reduce memory usage. Loaded Objects now: 2302.
Total: 4.332100 ms (FindLiveObjects: 0.345100 ms CreateObjectMapping: 0.162600 ms MarkObjects: 3.622200 ms  DeleteObjects: 0.199800 ms)

AssetImportParameters requested are different than current active one (requested -> active):
  custom:graphics/normal-map-encoding: 01000000000000000000000000000000 -> 02000000000000000000000000000000
========================================================================
Received Prepare
Registering precompiled user dll's ...
Registered in 0.004292 seconds.
Begin MonoManager ReloadAssembly
Native extension for WindowsStandalone target not found
Native extension for WebGL target not found
Refreshing native plugins compatible for Editor in 0.76 ms, found 1 plugins.
Preloading 0 native plugins for Editor in 0.00 ms.
Mono: successfully reloaded assembly
- Completed reload, in  2.421 seconds
Platform modules already initialized, skipping
Switching build target platform(5) subTarget(0) extendedPlatform(0) -> platform(13) subTarget(537395200) extendedPlatform(0)
Refreshing native plugins compatible for Editor in 0.82 ms, found 1 plugins.
Preloading 0 native plugins for Editor in 0.00 ms.
Unloading 1842 Unused Serialized files (Serialized files now loaded: 0)
System memory in use before: 89.5 MB.
System memory in use after: 89.5 MB.

Unloading 15 unused Assets to reduce memory usage. Loaded Objects now: 2306.
Total: 4.963900 ms (FindLiveObjects: 0.311500 ms CreateObjectMapping: 0.107900 ms MarkObjects: 4.308400 ms  DeleteObjects: 0.233500 ms)

AssetImportParameters requested are different than current active one (requested -> active):
  custom:graphics/normal-map-encoding: 01000000000000000000000000000000 -> 02000000000000000000000000000000
========================================================================
Received Prepare
Registering precompiled user dll's ...
Registered in 0.005844 seconds.
Begin MonoManager ReloadAssembly
Native extension for WindowsStandalone target not found
Native extension for WebGL target not found
Refreshing native plugins compatible for Editor in 0.81 ms, found 1 plugins.
Preloading 0 native plugins for Editor in 0.00 ms.
Mono: successfully reloaded assembly
- Completed reload, in  2.124 seconds
Platform modules already initialized, skipping
Switching build target platform(5) subTarget(0) extendedPlatform(0) -> platform(13) subTarget(537395200) extendedPlatform(0)
Refreshing native plugins compatible for Editor in 0.83 ms, found 1 plugins.
Preloading 0 native plugins for Editor in 0.00 ms.
Unloading 1842 Unused Serialized files (Serialized files now loaded: 0)
System memory in use before: 89.5 MB.
System memory in use after: 89.5 MB.

Unloading 15 unused Assets to reduce memory usage. Loaded Objects now: 2310.
Total: 4.332000 ms (FindLiveObjects: 0.346400 ms CreateObjectMapping: 0.113000 ms MarkObjects: 3.664800 ms  DeleteObjects: 0.205500 ms)

AssetImportParameters requested are different than current active one (requested -> active):
  custom:graphics/normal-map-encoding: 01000000000000000000000000000000 -> 02000000000000000000000000000000
========================================================================
Received Prepare
Registering precompiled user dll's ...
Registered in 0.005009 seconds.
Begin MonoManager ReloadAssembly
Native extension for WindowsStandalone target not found
Native extension for WebGL target not found
Refreshing native plugins compatible for Editor in 0.75 ms, found 1 plugins.
Preloading 0 native plugins for Editor in 0.00 ms.
Mono: successfully reloaded assembly
- Completed reload, in  2.176 seconds
Platform modules already initialized, skipping
Switching build target platform(5) subTarget(0) extendedPlatform(0) -> platform(13) subTarget(537395200) extendedPlatform(0)
Refreshing native plugins compatible for Editor in 0.82 ms, found 1 plugins.
Preloading 0 native plugins for Editor in 0.00 ms.
Unloading 1842 Unused Serialized files (Serialized files now loaded: 0)
System memory in use before: 89.5 MB.
System memory in use after: 89.5 MB.

Unloading 15 unused Assets to reduce memory usage. Loaded Objects now: 2314.
Total: 4.703600 ms (FindLiveObjects: 0.530700 ms CreateObjectMapping: 0.181900 ms MarkObjects: 3.779200 ms  DeleteObjects: 0.208200 ms)

AssetImportParameters requested are different than current active one (requested -> active):
  custom:graphics/normal-map-encoding: 01000000000000000000000000000000 -> 02000000000000000000000000000000
========================================================================
Received Prepare
Registering precompiled user dll's ...
Registered in 0.005701 seconds.
Begin MonoManager ReloadAssembly
Native extension for WindowsStandalone target not found
Native extension for WebGL target not found
Refreshing native plugins compatible for Editor in 0.92 ms, found 1 plugins.
Preloading 0 native plugins for Editor in 0.00 ms.
Mono: successfully reloaded assembly
- Completed reload, in  2.284 seconds
Platform modules already initialized, skipping
Switching build target platform(5) subTarget(0) extendedPlatform(0) -> platform(13) subTarget(537395200) extendedPlatform(0)
Refreshing native plugins compatible for Editor in 0.93 ms, found 1 plugins.
Preloading 0 native plugins for Editor in 0.00 ms.
Unloading 1842 Unused Serialized files (Serialized files now loaded: 0)
System memory in use before: 89.6 MB.
System memory in use after: 89.5 MB.

Unloading 15 unused Assets to reduce memory usage. Loaded Objects now: 2318.
Total: 4.811200 ms (FindLiveObjects: 0.345800 ms CreateObjectMapping: 0.145300 ms MarkObjects: 4.100500 ms  DeleteObjects: 0.216700 ms)

AssetImportParameters requested are different than current active one (requested -> active):
  custom:graphics/normal-map-encoding: 01000000000000000000000000000000 -> 02000000000000000000000000000000
========================================================================
Received Import Request.
  Time since last request: 192.433429 seconds.
  path: Assets/EnemyPrefab.prefab
  artifactKey: Guid(d00a8d53471d2744e8f01baf10a965df) Importer(815301076,1909f56bfc062723c751e8b465ee728b)
Start importing Assets/EnemyPrefab.prefab using Guid(d00a8d53471d2744e8f01baf10a965df) Importer(815301076,1909f56bfc062723c751e8b465ee728b)  -> (artifact id: 'c93d14122a426d01f7bdec3c7bcafc66') in 0.250352 seconds
  Import took 0.258247 seconds .

========================================================================
Received Prepare
Registering precompiled user dll's ...
Registered in 0.005997 seconds.
Begin MonoManager ReloadAssembly
Native extension for WindowsStandalone target not found
Native extension for WebGL target not found
Refreshing native plugins compatible for Editor in 0.80 ms, found 1 plugins.
Preloading 0 native plugins for Editor in 0.00 ms.
Mono: successfully reloaded assembly
- Completed reload, in  2.281 seconds
Platform modules already initialized, skipping
Switching build target platform(5) subTarget(0) extendedPlatform(0) -> platform(13) subTarget(537395200) extendedPlatform(0)
Refreshing native plugins compatible for Editor in 0.77 ms, found 1 plugins.
Preloading 0 native plugins for Editor in 0.00 ms.
Unloading 1842 Unused Serialized files (Serialized files now loaded: 0)
System memory in use before: 92.7 MB.
System memory in use after: 92.6 MB.

Unloading 15 unused Assets to reduce memory usage. Loaded Objects now: 2329.
Total: 4.379800 ms (FindLiveObjects: 0.331400 ms CreateObjectMapping: 0.115400 ms MarkObjects: 3.681000 ms  DeleteObjects: 0.249000 ms)

AssetImportParameters requested are different than current active one (requested -> active):
  custom:graphics/normal-map-encoding: 01000000000000000000000000000000 -> 02000000000000000000000000000000
========================================================================
Received Prepare
Registering precompiled user dll's ...
Registered in 0.005666 seconds.
Begin MonoManager ReloadAssembly
Native extension for WindowsStandalone target not found
Native extension for WebGL target not found
Refreshing native plugins compatible for Editor in 0.77 ms, found 1 plugins.
Preloading 0 native plugins for Editor in 0.00 ms.
Mono: successfully reloaded assembly
- Completed reload, in  2.313 seconds
Platform modules already initialized, skipping
Switching build target platform(5) subTarget(0) extendedPlatform(0) -> platform(13) subTarget(537395200) extendedPlatform(0)
Refreshing native plugins compatible for Editor in 0.88 ms, found 1 plugins.
Preloading 0 native plugins for Editor in 0.00 ms.
Unloading 1842 Unused Serialized files (Serialized files now loaded: 0)
System memory in use before: 92.7 MB.
System memory in use after: 92.6 MB.

Unloading 15 unused Assets to reduce memory usage. Loaded Objects now: 2333.
Total: 4.320200 ms (FindLiveObjects: 0.335400 ms CreateObjectMapping: 0.124100 ms MarkObjects: 3.646300 ms  DeleteObjects: 0.212200 ms)

AssetImportParameters requested are different than current active one (requested -> active):
  custom:graphics/normal-map-encoding: 01000000000000000000000000000000 -> 02000000000000000000000000000000
========================================================================
Received Prepare
Registering precompiled user dll's ...
Registered in 0.006983 seconds.
Begin MonoManager ReloadAssembly
Native extension for WindowsStandalone target not found
Native extension for WebGL target not found
Refreshing native plugins compatible for Editor in 1.20 ms, found 1 plugins.
Preloading 0 native plugins for Editor in 0.00 ms.
Mono: successfully reloaded assembly
- Completed reload, in  2.384 seconds
Platform modules already initialized, skipping
Switching build target platform(5) subTarget(0) extendedPlatform(0) -> platform(13) subTarget(537395200) extendedPlatform(0)
Refreshing native plugins compatible for Editor in 0.95 ms, found 1 plugins.
Preloading 0 native plugins for Editor in 0.00 ms.
Unloading 1842 Unused Serialized files (Serialized files now loaded: 0)
System memory in use before: 92.7 MB.
System memory in use after: 92.7 MB.

Unloading 15 unused Assets to reduce memory usage. Loaded Objects now: 2337.
Total: 5.316300 ms (FindLiveObjects: 0.424200 ms CreateObjectMapping: 0.168800 ms MarkObjects: 4.388600 ms  DeleteObjects: 0.331600 ms)

AssetImportParameters requested are different than current active one (requested -> active):
  custom:graphics/normal-map-encoding: 01000000000000000000000000000000 -> 02000000000000000000000000000000
========================================================================
Received Prepare
Registering precompiled user dll's ...
Registered in 0.005316 seconds.
Begin MonoManager ReloadAssembly
Native extension for WindowsStandalone target not found
Native extension for WebGL target not found
Refreshing native plugins compatible for Editor in 0.77 ms, found 1 plugins.
Preloading 0 native plugins for Editor in 0.00 ms.
Mono: successfully reloaded assembly
- Completed reload, in  2.395 seconds
Platform modules already initialized, skipping
Switching build target platform(5) subTarget(0) extendedPlatform(0) -> platform(13) subTarget(537395200) extendedPlatform(0)
Refreshing native plugins compatible for Editor in 0.82 ms, found 1 plugins.
Preloading 0 native plugins for Editor in 0.00 ms.
Unloading 1842 Unused Serialized files (Serialized files now loaded: 0)
System memory in use before: 92.7 MB.
System memory in use after: 92.7 MB.

Unloading 15 unused Assets to reduce memory usage. Loaded Objects now: 2341.
Total: 4.260800 ms (FindLiveObjects: 0.369900 ms CreateObjectMapping: 0.122900 ms MarkObjects: 3.554000 ms  DeleteObjects: 0.211400 ms)

AssetImportParameters requested are different than current active one (requested -> active):
  custom:graphics/normal-map-encoding: 01000000000000000000000000000000 -> 02000000000000000000000000000000
========================================================================
Received Prepare
Registering precompiled user dll's ...
Registered in 0.005293 seconds.
Begin MonoManager ReloadAssembly
Native extension for WindowsStandalone target not found
Native extension for WebGL target not found
Refreshing native plugins compatible for Editor in 0.85 ms, found 1 plugins.
Preloading 0 native plugins for Editor in 0.00 ms.
Mono: successfully reloaded assembly
- Completed reload, in  2.302 seconds
Platform modules already initialized, skipping
Switching build target platform(5) subTarget(0) extendedPlatform(0) -> platform(13) subTarget(537395200) extendedPlatform(0)
Refreshing native plugins compatible for Editor in 1.17 ms, found 1 plugins.
Preloading 0 native plugins for Editor in 0.00 ms.
Unloading 1842 Unused Serialized files (Serialized files now loaded: 0)
System memory in use before: 92.7 MB.
System memory in use after: 92.7 MB.

Unloading 15 unused Assets to reduce memory usage. Loaded Objects now: 2345.
Total: 5.604800 ms (FindLiveObjects: 0.572000 ms CreateObjectMapping: 0.213000 ms MarkObjects: 4.547600 ms  DeleteObjects: 0.268900 ms)

AssetImportParameters requested are different than current active one (requested -> active):
  custom:graphics/normal-map-encoding: 01000000000000000000000000000000 -> 02000000000000000000000000000000
========================================================================
Received Prepare
Registering precompiled user dll's ...
Registered in 0.005679 seconds.
Begin MonoManager ReloadAssembly
Native extension for WindowsStandalone target not found
Native extension for WebGL target not found
Refreshing native plugins compatible for Editor in 1.12 ms, found 1 plugins.
Preloading 0 native plugins for Editor in 0.00 ms.
Mono: successfully reloaded assembly
- Completed reload, in  2.305 seconds
Platform modules already initialized, skipping
Switching build target platform(5) subTarget(0) extendedPlatform(0) -> platform(13) subTarget(537395200) extendedPlatform(0)
Refreshing native plugins compatible for Editor in 0.77 ms, found 1 plugins.
Preloading 0 native plugins for Editor in 0.00 ms.
Unloading 1842 Unused Serialized files (Serialized files now loaded: 0)
System memory in use before: 92.7 MB.
System memory in use after: 92.7 MB.

Unloading 15 unused Assets to reduce memory usage. Loaded Objects now: 2349.
Total: 4.409800 ms (FindLiveObjects: 0.337100 ms CreateObjectMapping: 0.113500 ms MarkObjects: 3.739600 ms  DeleteObjects: 0.217300 ms)

AssetImportParameters requested are different than current active one (requested -> active):
  custom:graphics/normal-map-encoding: 01000000000000000000000000000000 -> 02000000000000000000000000000000
========================================================================
Received Prepare
Registering precompiled user dll's ...
Registered in 0.007032 seconds.
Begin MonoManager ReloadAssembly
Native extension for WindowsStandalone target not found
Native extension for WebGL target not found
Refreshing native plugins compatible for Editor in 0.77 ms, found 1 plugins.
Preloading 0 native plugins for Editor in 0.00 ms.
Mono: successfully reloaded assembly
- Completed reload, in  2.185 seconds
Platform modules already initialized, skipping
Switching build target platform(5) subTarget(0) extendedPlatform(0) -> platform(13) subTarget(537395200) extendedPlatform(0)
Refreshing native plugins compatible for Editor in 0.81 ms, found 1 plugins.
Preloading 0 native plugins for Editor in 0.00 ms.
Unloading 1842 Unused Serialized files (Serialized files now loaded: 0)
System memory in use before: 92.7 MB.
System memory in use after: 92.7 MB.

Unloading 15 unused Assets to reduce memory usage. Loaded Objects now: 2353.
Total: 4.386400 ms (FindLiveObjects: 0.407400 ms CreateObjectMapping: 0.163000 ms MarkObjects: 3.602100 ms  DeleteObjects: 0.211800 ms)

AssetImportParameters requested are different than current active one (requested -> active):
  custom:graphics/normal-map-encoding: 01000000000000000000000000000000 -> 02000000000000000000000000000000
========================================================================
Received Import Request.
  Time since last request: 1106.785613 seconds.
  path: Assets/Scripts/SceneLoadManager.cs
  artifactKey: Guid(282ed8f874ee3f044bfb60e02ed37daf) Importer(815301076,1909f56bfc062723c751e8b465ee728b)
Start importing Assets/Scripts/SceneLoadManager.cs using Guid(282ed8f874ee3f044bfb60e02ed37daf) Importer(815301076,1909f56bfc062723c751e8b465ee728b)  -> (artifact id: '3fca46ef9698cc8bdc12f98bd0d75079') in 0.013736 seconds
  Import took 0.021513 seconds .

========================================================================
Received Import Request.
  Time since last request: 0.004164 seconds.
  path: Assets/Scripts/SceneLoadManager.cs
  artifactKey: Guid(282ed8f874ee3f044bfb60e02ed37daf) Importer(815301076,1909f56bfc062723c751e8b465ee728b)
Start importing Assets/Scripts/SceneLoadManager.cs using Guid(282ed8f874ee3f044bfb60e02ed37daf) Importer(815301076,1909f56bfc062723c751e8b465ee728b)  -> (artifact id: '3fca46ef9698cc8bdc12f98bd0d75079') in 0.007046 seconds
  Import took 0.014998 seconds .

========================================================================
Received Prepare
Registering precompiled user dll's ...
Registered in 0.006272 seconds.
Begin MonoManager ReloadAssembly
Native extension for WindowsStandalone target not found
Native extension for WebGL target not found
Refreshing native plugins compatible for Editor in 0.85 ms, found 1 plugins.
Preloading 0 native plugins for Editor in 0.00 ms.
Mono: successfully reloaded assembly
- Completed reload, in  2.422 seconds
Platform modules already initialized, skipping
Switching build target platform(5) subTarget(0) extendedPlatform(0) -> platform(13) subTarget(537395200) extendedPlatform(0)
Refreshing native plugins compatible for Editor in 0.80 ms, found 1 plugins.
Preloading 0 native plugins for Editor in 0.00 ms.
Unloading 1842 Unused Serialized files (Serialized files now loaded: 0)
System memory in use before: 92.7 MB.
System memory in use after: 92.7 MB.

Unloading 15 unused Assets to reduce memory usage. Loaded Objects now: 2357.
Total: 4.808800 ms (FindLiveObjects: 0.580500 ms CreateObjectMapping: 0.125100 ms MarkObjects: 3.885700 ms  DeleteObjects: 0.215000 ms)

AssetImportParameters requested are different than current active one (requested -> active):
  custom:graphics/normal-map-encoding: 01000000000000000000000000000000 -> 02000000000000000000000000000000
========================================================================
Received Prepare
Registering precompiled user dll's ...
Registered in 0.004909 seconds.
Begin MonoManager ReloadAssembly
Native extension for WindowsStandalone target not found
Native extension for WebGL target not found
Refreshing native plugins compatible for Editor in 0.99 ms, found 1 plugins.
Preloading 0 native plugins for Editor in 0.00 ms.
Mono: successfully reloaded assembly
- Completed reload, in  2.354 seconds
Platform modules already initialized, skipping
Switching build target platform(5) subTarget(0) extendedPlatform(0) -> platform(13) subTarget(537395200) extendedPlatform(0)
Refreshing native plugins compatible for Editor in 0.82 ms, found 1 plugins.
Preloading 0 native plugins for Editor in 0.00 ms.
Unloading 1842 Unused Serialized files (Serialized files now loaded: 0)
System memory in use before: 92.7 MB.
System memory in use after: 92.7 MB.

Unloading 15 unused Assets to reduce memory usage. Loaded Objects now: 2361.
Total: 4.397200 ms (FindLiveObjects: 0.416600 ms CreateObjectMapping: 0.154800 ms MarkObjects: 3.610800 ms  DeleteObjects: 0.212500 ms)

AssetImportParameters requested are different than current active one (requested -> active):
  custom:graphics/normal-map-encoding: 01000000000000000000000000000000 -> 02000000000000000000000000000000
========================================================================
Received Prepare
Registering precompiled user dll's ...
Registered in 0.005956 seconds.
Begin MonoManager ReloadAssembly
Native extension for WindowsStandalone target not found
Native extension for WebGL target not found
Refreshing native plugins compatible for Editor in 0.80 ms, found 1 plugins.
Preloading 0 native plugins for Editor in 0.00 ms.
Mono: successfully reloaded assembly
- Completed reload, in  2.378 seconds
Platform modules already initialized, skipping
Switching build target platform(5) subTarget(0) extendedPlatform(0) -> platform(13) subTarget(537395200) extendedPlatform(0)
Refreshing native plugins compatible for Editor in 0.98 ms, found 1 plugins.
Preloading 0 native plugins for Editor in 0.00 ms.
Unloading 1842 Unused Serialized files (Serialized files now loaded: 0)
System memory in use before: 92.7 MB.
System memory in use after: 92.7 MB.

Unloading 15 unused Assets to reduce memory usage. Loaded Objects now: 2365.
Total: 4.553500 ms (FindLiveObjects: 0.548200 ms CreateObjectMapping: 0.196200 ms MarkObjects: 3.593400 ms  DeleteObjects: 0.212800 ms)

AssetImportParameters requested are different than current active one (requested -> active):
  custom:graphics/normal-map-encoding: 01000000000000000000000000000000 -> 02000000000000000000000000000000
========================================================================
Received Prepare
Registering precompiled user dll's ...
Registered in 0.005202 seconds.
Begin MonoManager ReloadAssembly
Native extension for WindowsStandalone target not found
Native extension for WebGL target not found
Refreshing native plugins compatible for Editor in 0.84 ms, found 1 plugins.
Preloading 0 native plugins for Editor in 0.00 ms.
Mono: successfully reloaded assembly
- Completed reload, in  2.305 seconds
Platform modules already initialized, skipping
Switching build target platform(5) subTarget(0) extendedPlatform(0) -> platform(13) subTarget(537395200) extendedPlatform(0)
Refreshing native plugins compatible for Editor in 0.80 ms, found 1 plugins.
Preloading 0 native plugins for Editor in 0.00 ms.
Unloading 1842 Unused Serialized files (Serialized files now loaded: 0)
System memory in use before: 92.8 MB.
System memory in use after: 92.7 MB.

Unloading 15 unused Assets to reduce memory usage. Loaded Objects now: 2369.
Total: 4.424100 ms (FindLiveObjects: 0.476300 ms CreateObjectMapping: 0.145500 ms MarkObjects: 3.589100 ms  DeleteObjects: 0.210700 ms)

AssetImportParameters requested are different than current active one (requested -> active):
  custom:graphics/normal-map-encoding: 01000000000000000000000000000000 -> 02000000000000000000000000000000
========================================================================
Received Prepare
Registering precompiled user dll's ...
Registered in 0.006974 seconds.
Begin MonoManager ReloadAssembly
Native extension for WindowsStandalone target not found
Native extension for WebGL target not found
Refreshing native plugins compatible for Editor in 0.80 ms, found 1 plugins.
Preloading 0 native plugins for Editor in 0.00 ms.
Mono: successfully reloaded assembly
- Completed reload, in  2.353 seconds
Platform modules already initialized, skipping
Switching build target platform(5) subTarget(0) extendedPlatform(0) -> platform(13) subTarget(537395200) extendedPlatform(0)
Refreshing native plugins compatible for Editor in 0.82 ms, found 1 plugins.
Preloading 0 native plugins for Editor in 0.00 ms.
Unloading 1842 Unused Serialized files (Serialized files now loaded: 0)
System memory in use before: 92.8 MB.
System memory in use after: 92.7 MB.

Unloading 15 unused Assets to reduce memory usage. Loaded Objects now: 2373.
Total: 4.568600 ms (FindLiveObjects: 0.398800 ms CreateObjectMapping: 0.150000 ms MarkObjects: 3.800700 ms  DeleteObjects: 0.216200 ms)

AssetImportParameters requested are different than current active one (requested -> active):
  custom:graphics/normal-map-encoding: 01000000000000000000000000000000 -> 02000000000000000000000000000000
========================================================================
Received Prepare
Registering precompiled user dll's ...
Registered in 0.005320 seconds.
Begin MonoManager ReloadAssembly
Native extension for WindowsStandalone target not found
Native extension for WebGL target not found
Refreshing native plugins compatible for Editor in 0.78 ms, found 1 plugins.
Preloading 0 native plugins for Editor in 0.00 ms.
Mono: successfully reloaded assembly
- Completed reload, in  2.502 seconds
Platform modules already initialized, skipping
Switching build target platform(5) subTarget(0) extendedPlatform(0) -> platform(13) subTarget(537395200) extendedPlatform(0)
Refreshing native plugins compatible for Editor in 0.80 ms, found 1 plugins.
Preloading 0 native plugins for Editor in 0.00 ms.
Unloading 1842 Unused Serialized files (Serialized files now loaded: 0)
System memory in use before: 92.8 MB.
System memory in use after: 92.7 MB.

Unloading 15 unused Assets to reduce memory usage. Loaded Objects now: 2377.
Total: 5.078900 ms (FindLiveObjects: 0.419700 ms CreateObjectMapping: 0.138200 ms MarkObjects: 4.308700 ms  DeleteObjects: 0.209600 ms)

AssetImportParameters requested are different than current active one (requested -> active):
  custom:graphics/normal-map-encoding: 01000000000000000000000000000000 -> 02000000000000000000000000000000
========================================================================
Received Prepare
Registering precompiled user dll's ...
Registered in 0.005681 seconds.
Begin MonoManager ReloadAssembly
Native extension for WindowsStandalone target not found
Native extension for WebGL target not found
Refreshing native plugins compatible for Editor in 0.77 ms, found 1 plugins.
Preloading 0 native plugins for Editor in 0.00 ms.
Mono: successfully reloaded assembly
- Completed reload, in  2.390 seconds
Platform modules already initialized, skipping
Switching build target platform(5) subTarget(0) extendedPlatform(0) -> platform(13) subTarget(537395200) extendedPlatform(0)
Refreshing native plugins compatible for Editor in 0.83 ms, found 1 plugins.
Preloading 0 native plugins for Editor in 0.00 ms.
Unloading 1842 Unused Serialized files (Serialized files now loaded: 0)
System memory in use before: 92.8 MB.
System memory in use after: 92.8 MB.

Unloading 15 unused Assets to reduce memory usage. Loaded Objects now: 2381.
Total: 4.279700 ms (FindLiveObjects: 0.343700 ms CreateObjectMapping: 0.112700 ms MarkObjects: 3.605300 ms  DeleteObjects: 0.216000 ms)

AssetImportParameters requested are different than current active one (requested -> active):
  custom:graphics/normal-map-encoding: 01000000000000000000000000000000 -> 02000000000000000000000000000000
========================================================================
Received Prepare
Registering precompiled user dll's ...
Registered in 0.006097 seconds.
Begin MonoManager ReloadAssembly
Native extension for WindowsStandalone target not found
Native extension for WebGL target not found
Refreshing native plugins compatible for Editor in 0.77 ms, found 1 plugins.
Preloading 0 native plugins for Editor in 0.00 ms.
Mono: successfully reloaded assembly
- Completed reload, in  2.369 seconds
Platform modules already initialized, skipping
Switching build target platform(5) subTarget(0) extendedPlatform(0) -> platform(13) subTarget(537395200) extendedPlatform(0)
Refreshing native plugins compatible for Editor in 0.82 ms, found 1 plugins.
Preloading 0 native plugins for Editor in 0.00 ms.
Unloading 1842 Unused Serialized files (Serialized files now loaded: 0)
System memory in use before: 92.8 MB.
System memory in use after: 92.8 MB.

Unloading 15 unused Assets to reduce memory usage. Loaded Objects now: 2385.
Total: 4.664400 ms (FindLiveObjects: 0.463100 ms CreateObjectMapping: 0.182700 ms MarkObjects: 3.794500 ms  DeleteObjects: 0.221500 ms)

AssetImportParameters requested are different than current active one (requested -> active):
  custom:graphics/normal-map-encoding: 01000000000000000000000000000000 -> 02000000000000000000000000000000
========================================================================
Received Prepare
Registering precompiled user dll's ...
Registered in 0.003426 seconds.
Begin MonoManager ReloadAssembly
Native extension for WindowsStandalone target not found
Native extension for WebGL target not found
Refreshing native plugins compatible for Editor in 0.76 ms, found 1 plugins.
Preloading 0 native plugins for Editor in 0.00 ms.
Mono: successfully reloaded assembly
- Completed reload, in  2.430 seconds
Platform modules already initialized, skipping
Switching build target platform(5) subTarget(0) extendedPlatform(0) -> platform(13) subTarget(537395200) extendedPlatform(0)
Refreshing native plugins compatible for Editor in 0.85 ms, found 1 plugins.
Preloading 0 native plugins for Editor in 0.00 ms.
Unloading 1842 Unused Serialized files (Serialized files now loaded: 0)
System memory in use before: 92.8 MB.
System memory in use after: 92.8 MB.

Unloading 15 unused Assets to reduce memory usage. Loaded Objects now: 2389.
Total: 4.369700 ms (FindLiveObjects: 0.351400 ms CreateObjectMapping: 0.113400 ms MarkObjects: 3.676900 ms  DeleteObjects: 0.225400 ms)

AssetImportParameters requested are different than current active one (requested -> active):
  custom:graphics/normal-map-encoding: 01000000000000000000000000000000 -> 02000000000000000000000000000000
========================================================================
Received Prepare
Registering precompiled user dll's ...
Registered in 0.005784 seconds.
Begin MonoManager ReloadAssembly
Native extension for WindowsStandalone target not found
Native extension for WebGL target not found
Refreshing native plugins compatible for Editor in 0.77 ms, found 1 plugins.
Preloading 0 native plugins for Editor in 0.00 ms.
Mono: successfully reloaded assembly
- Completed reload, in  2.304 seconds
Platform modules already initialized, skipping
Switching build target platform(5) subTarget(0) extendedPlatform(0) -> platform(13) subTarget(537395200) extendedPlatform(0)
Refreshing native plugins compatible for Editor in 0.80 ms, found 1 plugins.
Preloading 0 native plugins for Editor in 0.00 ms.
Unloading 1842 Unused Serialized files (Serialized files now loaded: 0)
System memory in use before: 92.8 MB.
System memory in use after: 92.8 MB.

Unloading 15 unused Assets to reduce memory usage. Loaded Objects now: 2393.
Total: 4.455800 ms (FindLiveObjects: 0.391000 ms CreateObjectMapping: 0.127800 ms MarkObjects: 3.710200 ms  DeleteObjects: 0.224300 ms)

AssetImportParameters requested are different than current active one (requested -> active):
  custom:graphics/normal-map-encoding: 01000000000000000000000000000000 -> 02000000000000000000000000000000
========================================================================
Received Prepare
Registering precompiled user dll's ...
Registered in 0.006441 seconds.
Begin MonoManager ReloadAssembly
Native extension for WindowsStandalone target not found
Native extension for WebGL target not found
Refreshing native plugins compatible for Editor in 0.77 ms, found 1 plugins.
Preloading 0 native plugins for Editor in 0.00 ms.
Mono: successfully reloaded assembly
- Completed reload, in  2.595 seconds
Platform modules already initialized, skipping
Switching build target platform(5) subTarget(0) extendedPlatform(0) -> platform(13) subTarget(537395200) extendedPlatform(0)
Refreshing native plugins compatible for Editor in 0.92 ms, found 1 plugins.
Preloading 0 native plugins for Editor in 0.00 ms.
Unloading 1842 Unused Serialized files (Serialized files now loaded: 0)
System memory in use before: 92.8 MB.
System memory in use after: 92.8 MB.

Unloading 15 unused Assets to reduce memory usage. Loaded Objects now: 2397.
Total: 4.994700 ms (FindLiveObjects: 0.669800 ms CreateObjectMapping: 0.132600 ms MarkObjects: 3.964400 ms  DeleteObjects: 0.225100 ms)

AssetImportParameters requested are different than current active one (requested -> active):
  custom:graphics/normal-map-encoding: 01000000000000000000000000000000 -> 02000000000000000000000000000000
========================================================================
Received Prepare
Registering precompiled user dll's ...
Registered in 0.006910 seconds.
Begin MonoManager ReloadAssembly
Native extension for WindowsStandalone target not found
Native extension for WebGL target not found
Refreshing native plugins compatible for Editor in 0.77 ms, found 1 plugins.
Preloading 0 native plugins for Editor in 0.00 ms.
Mono: successfully reloaded assembly
- Completed reload, in  2.410 seconds
Platform modules already initialized, skipping
Switching build target platform(5) subTarget(0) extendedPlatform(0) -> platform(13) subTarget(537395200) extendedPlatform(0)
Refreshing native plugins compatible for Editor in 0.91 ms, found 1 plugins.
Preloading 0 native plugins for Editor in 0.00 ms.
Unloading 1842 Unused Serialized files (Serialized files now loaded: 0)
System memory in use before: 92.8 MB.
System memory in use after: 92.8 MB.

Unloading 15 unused Assets to reduce memory usage. Loaded Objects now: 2401.
Total: 4.470400 ms (FindLiveObjects: 0.410900 ms CreateObjectMapping: 0.155500 ms MarkObjects: 3.682200 ms  DeleteObjects: 0.219100 ms)

AssetImportParameters requested are different than current active one (requested -> active):
  custom:graphics/normal-map-encoding: 01000000000000000000000000000000 -> 02000000000000000000000000000000
========================================================================
Received Prepare
Registering precompiled user dll's ...
Registered in 0.007255 seconds.
Begin MonoManager ReloadAssembly
Native extension for WindowsStandalone target not found
Native extension for WebGL target not found
Refreshing native plugins compatible for Editor in 0.82 ms, found 1 plugins.
Preloading 0 native plugins for Editor in 0.00 ms.
Mono: successfully reloaded assembly
- Completed reload, in  2.462 seconds
Platform modules already initialized, skipping
Switching build target platform(5) subTarget(0) extendedPlatform(0) -> platform(13) subTarget(537395200) extendedPlatform(0)
Refreshing native plugins compatible for Editor in 0.72 ms, found 1 plugins.
Preloading 0 native plugins for Editor in 0.00 ms.
Unloading 1842 Unused Serialized files (Serialized files now loaded: 0)
System memory in use before: 92.8 MB.
System memory in use after: 92.8 MB.

Unloading 15 unused Assets to reduce memory usage. Loaded Objects now: 2405.
Total: 5.334500 ms (FindLiveObjects: 0.850700 ms CreateObjectMapping: 0.187800 ms MarkObjects: 4.045000 ms  DeleteObjects: 0.247100 ms)

AssetImportParameters requested are different than current active one (requested -> active):
  custom:graphics/normal-map-encoding: 01000000000000000000000000000000 -> 02000000000000000000000000000000
========================================================================
Received Prepare
Registering precompiled user dll's ...
Registered in 0.005916 seconds.
Begin MonoManager ReloadAssembly
Native extension for WindowsStandalone target not found
Native extension for WebGL target not found
Refreshing native plugins compatible for Editor in 0.76 ms, found 1 plugins.
Preloading 0 native plugins for Editor in 0.00 ms.
Mono: successfully reloaded assembly
- Completed reload, in  2.532 seconds
Platform modules already initialized, skipping
Switching build target platform(5) subTarget(0) extendedPlatform(0) -> platform(13) subTarget(537395200) extendedPlatform(0)
Refreshing native plugins compatible for Editor in 1.11 ms, found 1 plugins.
Preloading 0 native plugins for Editor in 0.00 ms.
Unloading 1842 Unused Serialized files (Serialized files now loaded: 0)
System memory in use before: 92.8 MB.
System memory in use after: 92.8 MB.

Unloading 15 unused Assets to reduce memory usage. Loaded Objects now: 2409.
Total: 5.456000 ms (FindLiveObjects: 0.505700 ms CreateObjectMapping: 0.148700 ms MarkObjects: 4.557700 ms  DeleteObjects: 0.241300 ms)

AssetImportParameters requested are different than current active one (requested -> active):
  custom:graphics/normal-map-encoding: 01000000000000000000000000000000 -> 02000000000000000000000000000000
========================================================================
Received Prepare
Registering precompiled user dll's ...
Registered in 0.006298 seconds.
Begin MonoManager ReloadAssembly
Native extension for WindowsStandalone target not found
Native extension for WebGL target not found
Refreshing native plugins compatible for Editor in 0.78 ms, found 1 plugins.
Preloading 0 native plugins for Editor in 0.00 ms.
Mono: successfully reloaded assembly
- Completed reload, in  2.442 seconds
Platform modules already initialized, skipping
Switching build target platform(5) subTarget(0) extendedPlatform(0) -> platform(13) subTarget(537395200) extendedPlatform(0)
Refreshing native plugins compatible for Editor in 0.81 ms, found 1 plugins.
Preloading 0 native plugins for Editor in 0.00 ms.
Unloading 1842 Unused Serialized files (Serialized files now loaded: 0)
System memory in use before: 92.8 MB.
System memory in use after: 92.8 MB.

Unloading 15 unused Assets to reduce memory usage. Loaded Objects now: 2413.
Total: 4.209600 ms (FindLiveObjects: 0.413200 ms CreateObjectMapping: 0.116200 ms MarkObjects: 3.459100 ms  DeleteObjects: 0.219300 ms)

AssetImportParameters requested are different than current active one (requested -> active):
  custom:graphics/normal-map-encoding: 01000000000000000000000000000000 -> 02000000000000000000000000000000
========================================================================
Received Import Request.
  Time since last request: 2112.828802 seconds.
  path: Assets/Aekashics Librarium - Megapack III/Demo/Demo.unity
  artifactKey: Guid(49c411168c1d5c546a1922105dc965ec) Importer(815301076,1909f56bfc062723c751e8b465ee728b)
Start importing Assets/Aekashics Librarium - Megapack III/Demo/Demo.unity using Guid(49c411168c1d5c546a1922105dc965ec) Importer(815301076,1909f56bfc062723c751e8b465ee728b)  -> (artifact id: '0232ad8fd4c5ddaace4f0d4e10be7a80') in 0.041221 seconds
  Import took 0.051139 seconds .

========================================================================
Received Import Request.
  Time since last request: 13.131424 seconds.
  path: Assets/Scenes/QuestScene.unity
  artifactKey: Guid(2cda990e2423bbf4892e6590ba056729) Importer(815301076,1909f56bfc062723c751e8b465ee728b)
Start importing Assets/Scenes/QuestScene.unity using Guid(2cda990e2423bbf4892e6590ba056729) Importer(815301076,1909f56bfc062723c751e8b465ee728b)  -> (artifact id: '530f697e2853ba638e9efefeaf720b20') in 0.020559 seconds
  Import took 0.031373 seconds .

========================================================================
Received Import Request.
  Time since last request: 151.307378 seconds.
  path: Assets/Aekashics Librarium - Megapack III/Static/Front/Megapack III Undead Warrior Benkei.png
  artifactKey: Guid(36c422b9ec7a3164fb837dc110a89c14) Importer(815301076,1909f56bfc062723c751e8b465ee728b)
Start importing Assets/Aekashics Librarium - Megapack III/Static/Front/Megapack III Undead Warrior Benkei.png using Guid(36c422b9ec7a3164fb837dc110a89c14) Importer(815301076,1909f56bfc062723c751e8b465ee728b)  -> (artifact id: '6adbbe7fb60c97afdfca2928fce366f1') in 0.142595 seconds
  Import took 0.150072 seconds .

========================================================================
Received Import Request.
  Time since last request: 40.785640 seconds.
  path: Assets/Aekashics Librarium - Megapack III/Static/Front/Megapack III Undead Warrior Benkei.png
  artifactKey: Guid(36c422b9ec7a3164fb837dc110a89c14) Importer(815301076,1909f56bfc062723c751e8b465ee728b)
Start importing Assets/Aekashics Librarium - Megapack III/Static/Front/Megapack III Undead Warrior Benkei.png using Guid(36c422b9ec7a3164fb837dc110a89c14) Importer(815301076,1909f56bfc062723c751e8b465ee728b)  -> (artifact id: '2ae36c6b882c0bb310eac3fac52a5d74') in 0.029809 seconds
  Import took 0.038390 seconds .

========================================================================
Received Import Request.
  Time since last request: 0.005343 seconds.
  path: Assets/Aekashics Librarium - Megapack III/Static/Front/Megapack III Undead Warrior Benkei.png
  artifactKey: Guid(36c422b9ec7a3164fb837dc110a89c14) Importer(815301076,1909f56bfc062723c751e8b465ee728b)
Start importing Assets/Aekashics Librarium - Megapack III/Static/Front/Megapack III Undead Warrior Benkei.png using Guid(36c422b9ec7a3164fb837dc110a89c14) Importer(815301076,1909f56bfc062723c751e8b465ee728b)  -> (artifact id: '2ae36c6b882c0bb310eac3fac52a5d74') in 0.029291 seconds
  Import took 0.039216 seconds .

========================================================================
Received Import Request.
  Time since last request: 87.264358 seconds.
  path: Assets/EnemyPrefab(1).prefab
  artifactKey: Guid(7200ba50aacfc12479507d767d349474) Importer(815301076,1909f56bfc062723c751e8b465ee728b)
Start importing Assets/EnemyPrefab(1).prefab using Guid(7200ba50aacfc12479507d767d349474) Importer(815301076,1909f56bfc062723c751e8b465ee728b)  -> (artifact id: 'a4b7a514274741f9f17d7be406de740f') in 0.115920 seconds
  Import took 0.127894 seconds .

========================================================================
Received Import Request.
  Time since last request: 0.027531 seconds.
  path: Assets/EnemyPrefab(1).prefab
  artifactKey: Guid(7200ba50aacfc12479507d767d349474) Importer(815301076,1909f56bfc062723c751e8b465ee728b)
Start importing Assets/EnemyPrefab(1).prefab using Guid(7200ba50aacfc12479507d767d349474) Importer(815301076,1909f56bfc062723c751e8b465ee728b)  -> (artifact id: 'a4b7a514274741f9f17d7be406de740f') in 0.031131 seconds
  Import took 0.044056 seconds .

========================================================================
Received Prepare
Registering precompiled user dll's ...
Registered in 0.007775 seconds.
Begin MonoManager ReloadAssembly
Native extension for WindowsStandalone target not found
Native extension for WebGL target not found
Refreshing native plugins compatible for Editor in 0.78 ms, found 1 plugins.
Preloading 0 native plugins for Editor in 0.00 ms.
Mono: successfully reloaded assembly
- Completed reload, in  2.450 seconds
Platform modules already initialized, skipping
Switching build target platform(5) subTarget(0) extendedPlatform(0) -> platform(13) subTarget(537395200) extendedPlatform(0)
Refreshing native plugins compatible for Editor in 0.82 ms, found 1 plugins.
Preloading 0 native plugins for Editor in 0.00 ms.
Unloading 1842 Unused Serialized files (Serialized files now loaded: 0)
System memory in use before: 92.9 MB.
System memory in use after: 92.9 MB.

Unloading 15 unused Assets to reduce memory usage. Loaded Objects now: 2421.
Total: 4.377400 ms (FindLiveObjects: 0.410100 ms CreateObjectMapping: 0.120000 ms MarkObjects: 3.623500 ms  DeleteObjects: 0.221200 ms)

AssetImportParameters requested are different than current active one (requested -> active):
  custom:graphics/normal-map-encoding: 01000000000000000000000000000000 -> 02000000000000000000000000000000
========================================================================
Received Import Request.
  Time since last request: 302.084276 seconds.
  path: Assets/Aekashics Librarium - Megapack III/Static/Front/Megapack III Void Gargoyle.png
  artifactKey: Guid(a1f616cae7ad9e14ba2341f2d9ecda54) Importer(815301076,1909f56bfc062723c751e8b465ee728b)
Start importing Assets/Aekashics Librarium - Megapack III/Static/Front/Megapack III Void Gargoyle.png using Guid(a1f616cae7ad9e14ba2341f2d9ecda54) Importer(815301076,1909f56bfc062723c751e8b465ee728b)  -> (artifact id: '78af3adf5f852bef9d4640055d54bf15') in 0.131076 seconds
  Import took 0.138590 seconds .

========================================================================
Received Import Request.
  Time since last request: 2.645044 seconds.
  path: Assets/Aekashics Librarium - Megapack III/Static/Front/Megapack III Void Gargoyle.png
  artifactKey: Guid(a1f616cae7ad9e14ba2341f2d9ecda54) Importer(815301076,1909f56bfc062723c751e8b465ee728b)
Start importing Assets/Aekashics Librarium - Megapack III/Static/Front/Megapack III Void Gargoyle.png using Guid(a1f616cae7ad9e14ba2341f2d9ecda54) Importer(815301076,1909f56bfc062723c751e8b465ee728b)  -> (artifact id: '5820372bc2a59ccf9f1142ca7ff3d491') in 0.025962 seconds
  Import took 0.033302 seconds .

========================================================================
Received Import Request.
  Time since last request: 0.006124 seconds.
  path: Assets/Aekashics Librarium - Megapack III/Static/Front/Megapack III Void Gargoyle.png
  artifactKey: Guid(a1f616cae7ad9e14ba2341f2d9ecda54) Importer(815301076,1909f56bfc062723c751e8b465ee728b)
Start importing Assets/Aekashics Librarium - Megapack III/Static/Front/Megapack III Void Gargoyle.png using Guid(a1f616cae7ad9e14ba2341f2d9ecda54) Importer(815301076,1909f56bfc062723c751e8b465ee728b)  -> (artifact id: '5820372bc2a59ccf9f1142ca7ff3d491') in 0.025913 seconds
  Import took 0.033800 seconds .

========================================================================
Received Import Request.
  Time since last request: 5.877010 seconds.
  path: Assets/Aekashics Librarium - Megapack III/Static/Front/Megapack III Void Gargoyle.png
  artifactKey: Guid(a1f616cae7ad9e14ba2341f2d9ecda54) Importer(815301076,1909f56bfc062723c751e8b465ee728b)
Start importing Assets/Aekashics Librarium - Megapack III/Static/Front/Megapack III Void Gargoyle.png using Guid(a1f616cae7ad9e14ba2341f2d9ecda54) Importer(815301076,1909f56bfc062723c751e8b465ee728b)  -> (artifact id: '3c19fa59f6b2269674e4488bdd075ea6') in 0.028408 seconds
  Import took 0.037734 seconds .

========================================================================
Received Import Request.
  Time since last request: 0.030760 seconds.
  path: Assets/Aekashics Librarium - Megapack III/Static/Front/Megapack III Void Gargoyle.png
  artifactKey: Guid(a1f616cae7ad9e14ba2341f2d9ecda54) Importer(815301076,1909f56bfc062723c751e8b465ee728b)
Start importing Assets/Aekashics Librarium - Megapack III/Static/Front/Megapack III Void Gargoyle.png using Guid(a1f616cae7ad9e14ba2341f2d9ecda54) Importer(815301076,1909f56bfc062723c751e8b465ee728b)  -> (artifact id: '3c19fa59f6b2269674e4488bdd075ea6') in 0.031918 seconds
  Import took 0.040771 seconds .

========================================================================
Received Import Request.
  Time since last request: 59.496650 seconds.
  path: Assets/EnemyPrefab(2).prefab
  artifactKey: Guid(498590dd84579b843917461ab1d3662c) Importer(815301076,1909f56bfc062723c751e8b465ee728b)
Start importing Assets/EnemyPrefab(2).prefab using Guid(498590dd84579b843917461ab1d3662c) Importer(815301076,1909f56bfc062723c751e8b465ee728b)  -> (artifact id: 'b3645af90851d2efaa2fe4735124ce29') in 0.109488 seconds
  Import took 0.119495 seconds .

========================================================================
Received Import Request.
  Time since last request: 0.003881 seconds.
  path: Assets/EnemyPrefab(2).prefab
  artifactKey: Guid(498590dd84579b843917461ab1d3662c) Importer(815301076,1909f56bfc062723c751e8b465ee728b)
Start importing Assets/EnemyPrefab(2).prefab using Guid(498590dd84579b843917461ab1d3662c) Importer(815301076,1909f56bfc062723c751e8b465ee728b)  -> (artifact id: 'b3645af90851d2efaa2fe4735124ce29') in 0.026388 seconds
  Import took 0.035403 seconds .

========================================================================
Received Prepare
Registering precompiled user dll's ...
Registered in 0.006438 seconds.
Begin MonoManager ReloadAssembly
Native extension for WindowsStandalone target not found
Native extension for WebGL target not found
Refreshing native plugins compatible for Editor in 0.85 ms, found 1 plugins.
Preloading 0 native plugins for Editor in 0.00 ms.
Mono: successfully reloaded assembly
- Completed reload, in  2.452 seconds
Platform modules already initialized, skipping
Switching build target platform(5) subTarget(0) extendedPlatform(0) -> platform(13) subTarget(537395200) extendedPlatform(0)
Refreshing native plugins compatible for Editor in 0.81 ms, found 1 plugins.
Preloading 0 native plugins for Editor in 0.00 ms.
Unloading 1842 Unused Serialized files (Serialized files now loaded: 0)
System memory in use before: 92.9 MB.
System memory in use after: 92.9 MB.

Unloading 15 unused Assets to reduce memory usage. Loaded Objects now: 2428.
Total: 4.887100 ms (FindLiveObjects: 0.552700 ms CreateObjectMapping: 0.190400 ms MarkObjects: 3.926500 ms  DeleteObjects: 0.213700 ms)

AssetImportParameters requested are different than current active one (requested -> active):
  custom:graphics/normal-map-encoding: 01000000000000000000000000000000 -> 02000000000000000000000000000000
========================================================================
Received Prepare
Registering precompiled user dll's ...
Registered in 0.004905 seconds.
Begin MonoManager ReloadAssembly
Native extension for WindowsStandalone target not found
Native extension for WebGL target not found
Refreshing native plugins compatible for Editor in 0.76 ms, found 1 plugins.
Preloading 0 native plugins for Editor in 0.00 ms.
Mono: successfully reloaded assembly
- Completed reload, in  2.598 seconds
Platform modules already initialized, skipping
Switching build target platform(5) subTarget(0) extendedPlatform(0) -> platform(13) subTarget(537395200) extendedPlatform(0)
Refreshing native plugins compatible for Editor in 1.22 ms, found 1 plugins.
Preloading 0 native plugins for Editor in 0.00 ms.
Unloading 1842 Unused Serialized files (Serialized files now loaded: 0)
System memory in use before: 92.9 MB.
System memory in use after: 92.9 MB.

Unloading 15 unused Assets to reduce memory usage. Loaded Objects now: 2432.
Total: 4.361800 ms (FindLiveObjects: 0.361900 ms CreateObjectMapping: 0.114500 ms MarkObjects: 3.665000 ms  DeleteObjects: 0.217000 ms)

AssetImportParameters requested are different than current active one (requested -> active):
  custom:graphics/normal-map-encoding: 01000000000000000000000000000000 -> 02000000000000000000000000000000
========================================================================
Received Prepare
Registering precompiled user dll's ...
Registered in 0.006069 seconds.
Begin MonoManager ReloadAssembly
Native extension for WindowsStandalone target not found
Native extension for WebGL target not found
Refreshing native plugins compatible for Editor in 1.18 ms, found 1 plugins.
Preloading 0 native plugins for Editor in 0.00 ms.
Mono: successfully reloaded assembly
- Completed reload, in  2.452 seconds
Platform modules already initialized, skipping
Switching build target platform(5) subTarget(0) extendedPlatform(0) -> platform(13) subTarget(537395200) extendedPlatform(0)
Refreshing native plugins compatible for Editor in 1.18 ms, found 1 plugins.
Preloading 0 native plugins for Editor in 0.00 ms.
Unloading 1842 Unused Serialized files (Serialized files now loaded: 0)
System memory in use before: 92.9 MB.
System memory in use after: 92.9 MB.

Unloading 15 unused Assets to reduce memory usage. Loaded Objects now: 2436.
Total: 5.834900 ms (FindLiveObjects: 0.499000 ms CreateObjectMapping: 0.138000 ms MarkObjects: 4.978600 ms  DeleteObjects: 0.216400 ms)

AssetImportParameters requested are different than current active one (requested -> active):
  custom:graphics/normal-map-encoding: 01000000000000000000000000000000 -> 02000000000000000000000000000000
========================================================================
Received Prepare
Registering precompiled user dll's ...
Registered in 0.007753 seconds.
Begin MonoManager ReloadAssembly
Native extension for WindowsStandalone target not found
Native extension for WebGL target not found
Refreshing native plugins compatible for Editor in 0.78 ms, found 1 plugins.
Preloading 0 native plugins for Editor in 0.00 ms.
Mono: successfully reloaded assembly
- Completed reload, in  2.766 seconds
Platform modules already initialized, skipping
Switching build target platform(5) subTarget(0) extendedPlatform(0) -> platform(13) subTarget(537395200) extendedPlatform(0)
Refreshing native plugins compatible for Editor in 0.82 ms, found 1 plugins.
Preloading 0 native plugins for Editor in 0.00 ms.
Unloading 1842 Unused Serialized files (Serialized files now loaded: 0)
System memory in use before: 92.9 MB.
System memory in use after: 92.9 MB.

Unloading 15 unused Assets to reduce memory usage. Loaded Objects now: 2440.
Total: 4.532000 ms (FindLiveObjects: 0.456800 ms CreateObjectMapping: 0.138800 ms MarkObjects: 3.713900 ms  DeleteObjects: 0.219700 ms)

AssetImportParameters requested are different than current active one (requested -> active):
  custom:graphics/normal-map-encoding: 01000000000000000000000000000000 -> 02000000000000000000000000000000
========================================================================
Received Prepare
Registering precompiled user dll's ...
Registered in 0.006332 seconds.
Begin MonoManager ReloadAssembly
Native extension for WindowsStandalone target not found
Native extension for WebGL target not found
Refreshing native plugins compatible for Editor in 0.78 ms, found 1 plugins.
Preloading 0 native plugins for Editor in 0.00 ms.
Mono: successfully reloaded assembly
- Completed reload, in  2.553 seconds
Platform modules already initialized, skipping
Switching build target platform(5) subTarget(0) extendedPlatform(0) -> platform(13) subTarget(537395200) extendedPlatform(0)
Refreshing native plugins compatible for Editor in 0.71 ms, found 1 plugins.
Preloading 0 native plugins for Editor in 0.00 ms.
Unloading 1842 Unused Serialized files (Serialized files now loaded: 0)
System memory in use before: 92.9 MB.
System memory in use after: 92.9 MB.

Unloading 15 unused Assets to reduce memory usage. Loaded Objects now: 2444.
Total: 4.785600 ms (FindLiveObjects: 0.388600 ms CreateObjectMapping: 0.137600 ms MarkObjects: 4.034200 ms  DeleteObjects: 0.222600 ms)

AssetImportParameters requested are different than current active one (requested -> active):
  custom:graphics/normal-map-encoding: 01000000000000000000000000000000 -> 02000000000000000000000000000000
========================================================================
Received Prepare
Registering precompiled user dll's ...
Registered in 0.004886 seconds.
Begin MonoManager ReloadAssembly
Native extension for WindowsStandalone target not found
Native extension for WebGL target not found
Refreshing native plugins compatible for Editor in 0.89 ms, found 1 plugins.
Preloading 0 native plugins for Editor in 0.00 ms.
Mono: successfully reloaded assembly
- Completed reload, in  2.764 seconds
Platform modules already initialized, skipping
Switching build target platform(5) subTarget(0) extendedPlatform(0) -> platform(13) subTarget(537395200) extendedPlatform(0)
Refreshing native plugins compatible for Editor in 0.89 ms, found 1 plugins.
Preloading 0 native plugins for Editor in 0.00 ms.
Unloading 1842 Unused Serialized files (Serialized files now loaded: 0)
System memory in use before: 93.0 MB.
System memory in use after: 92.9 MB.

Unloading 15 unused Assets to reduce memory usage. Loaded Objects now: 2448.
Total: 4.649500 ms (FindLiveObjects: 0.572600 ms CreateObjectMapping: 0.200300 ms MarkObjects: 3.652300 ms  DeleteObjects: 0.221000 ms)

AssetImportParameters requested are different than current active one (requested -> active):
  custom:graphics/normal-map-encoding: 01000000000000000000000000000000 -> 02000000000000000000000000000000
========================================================================
Received Prepare
Registering precompiled user dll's ...
Registered in 0.005149 seconds.
Begin MonoManager ReloadAssembly
Native extension for WindowsStandalone target not found
Native extension for WebGL target not found
Refreshing native plugins compatible for Editor in 0.78 ms, found 1 plugins.
Preloading 0 native plugins for Editor in 0.00 ms.
Mono: successfully reloaded assembly
- Completed reload, in  2.658 seconds
Platform modules already initialized, skipping
Switching build target platform(5) subTarget(0) extendedPlatform(0) -> platform(13) subTarget(537395200) extendedPlatform(0)
Refreshing native plugins compatible for Editor in 0.81 ms, found 1 plugins.
Preloading 0 native plugins for Editor in 0.00 ms.
Unloading 1842 Unused Serialized files (Serialized files now loaded: 0)
System memory in use before: 93.0 MB.
System memory in use after: 92.9 MB.

Unloading 15 unused Assets to reduce memory usage. Loaded Objects now: 2452.
Total: 5.711600 ms (FindLiveObjects: 1.574200 ms CreateObjectMapping: 0.205000 ms MarkObjects: 3.716600 ms  DeleteObjects: 0.212800 ms)

AssetImportParameters requested are different than current active one (requested -> active):
  custom:graphics/normal-map-encoding: 01000000000000000000000000000000 -> 02000000000000000000000000000000
========================================================================
Received Import Request.
  Time since last request: 1470.515225 seconds.
  path: Assets/EnemyPrefab(2).prefab
  artifactKey: Guid(498590dd84579b843917461ab1d3662c) Importer(815301076,1909f56bfc062723c751e8b465ee728b)
Start importing Assets/EnemyPrefab(2).prefab using Guid(498590dd84579b843917461ab1d3662c) Importer(815301076,1909f56bfc062723c751e8b465ee728b)  -> (artifact id: '28e1057a74d1d56f555eae69140971f3') in 0.172315 seconds
  Import took 0.188407 seconds .

========================================================================
Received Prepare
Registering precompiled user dll's ...
Registered in 0.008158 seconds.
Begin MonoManager ReloadAssembly
Native extension for WindowsStandalone target not found
Native extension for WebGL target not found
Refreshing native plugins compatible for Editor in 1.62 ms, found 1 plugins.
Preloading 0 native plugins for Editor in 0.00 ms.
Mono: successfully reloaded assembly
- Completed reload, in  2.551 seconds
Platform modules already initialized, skipping
Switching build target platform(5) subTarget(0) extendedPlatform(0) -> platform(13) subTarget(537395200) extendedPlatform(0)
Refreshing native plugins compatible for Editor in 0.90 ms, found 1 plugins.
Preloading 0 native plugins for Editor in 0.00 ms.
Unloading 1842 Unused Serialized files (Serialized files now loaded: 0)
System memory in use before: 93.0 MB.
System memory in use after: 93.0 MB.

Unloading 15 unused Assets to reduce memory usage. Loaded Objects now: 2457.
Total: 4.344100 ms (FindLiveObjects: 0.375100 ms CreateObjectMapping: 0.126500 ms MarkObjects: 3.564600 ms  DeleteObjects: 0.274700 ms)

AssetImportParameters requested are different than current active one (requested -> active):
  custom:graphics/normal-map-encoding: 01000000000000000000000000000000 -> 02000000000000000000000000000000
========================================================================
Received Prepare
Registering precompiled user dll's ...
Registered in 0.006321 seconds.
Begin MonoManager ReloadAssembly
Native extension for WindowsStandalone target not found
Native extension for WebGL target not found
Refreshing native plugins compatible for Editor in 0.86 ms, found 1 plugins.
Preloading 0 native plugins for Editor in 0.00 ms.
Mono: successfully reloaded assembly
- Completed reload, in  2.653 seconds
Platform modules already initialized, skipping
Switching build target platform(5) subTarget(0) extendedPlatform(0) -> platform(13) subTarget(537395200) extendedPlatform(0)
Refreshing native plugins compatible for Editor in 0.82 ms, found 1 plugins.
Preloading 0 native plugins for Editor in 0.00 ms.
Unloading 1842 Unused Serialized files (Serialized files now loaded: 0)
System memory in use before: 93.0 MB.
System memory in use after: 92.9 MB.

Unloading 15 unused Assets to reduce memory usage. Loaded Objects now: 2461.
Total: 5.529800 ms (FindLiveObjects: 0.552700 ms CreateObjectMapping: 0.184500 ms MarkObjects: 4.486500 ms  DeleteObjects: 0.302400 ms)

AssetImportParameters requested are different than current active one (requested -> active):
  custom:graphics/normal-map-encoding: 01000000000000000000000000000000 -> 02000000000000000000000000000000
========================================================================
Received Import Request.
  Time since last request: 223.755882 seconds.
  path: Assets/Scenes/QuestScene.unity
  artifactKey: Guid(2cda990e2423bbf4892e6590ba056729) Importer(815301076,1909f56bfc062723c751e8b465ee728b)
Start importing Assets/Scenes/QuestScene.unity using Guid(2cda990e2423bbf4892e6590ba056729) Importer(815301076,1909f56bfc062723c751e8b465ee728b)  -> (artifact id: 'f1c2e8fbd754513a47e4ad38f8164436') in 0.026097 seconds
  Import took 0.032810 seconds .

========================================================================
Received Import Request.
  Time since last request: 11.614668 seconds.
  path: Assets/Scenes/TownScene.unity
  artifactKey: Guid(1cbbdef23a516204490befc5c770208b) Importer(815301076,1909f56bfc062723c751e8b465ee728b)
Start importing Assets/Scenes/TownScene.unity using Guid(1cbbdef23a516204490befc5c770208b) Importer(815301076,1909f56bfc062723c751e8b465ee728b)  -> (artifact id: '0753e830a78754184c7f38f2411b3ca1') in 0.008709 seconds
  Import took 0.017090 seconds .

========================================================================
Received Import Request.
  Time since last request: 30.002930 seconds.
  path: Assets/SoundManager.prefab
  artifactKey: Guid(a24cf3dc53beed9409755e3ecb7724ea) Importer(815301076,1909f56bfc062723c751e8b465ee728b)
Start importing Assets/SoundManager.prefab using Guid(a24cf3dc53beed9409755e3ecb7724ea) Importer(815301076,1909f56bfc062723c751e8b465ee728b)  -> (artifact id: 'a886fe0541960d166516d7f783cd2ec9') in 0.046187 seconds
  Import took 0.055057 seconds .

========================================================================
Received Import Request.
  Time since last request: 2.515303 seconds.
  path: Assets/SoundManager.prefab
  artifactKey: Guid(a24cf3dc53beed9409755e3ecb7724ea) Importer(815301076,1909f56bfc062723c751e8b465ee728b)
Start importing Assets/SoundManager.prefab using Guid(a24cf3dc53beed9409755e3ecb7724ea) Importer(815301076,1909f56bfc062723c751e8b465ee728b)  -> (artifact id: '5a06daa838f87f96f427bdae9e6670aa') in 0.012877 seconds
  Import took 0.020354 seconds .

========================================================================
Received Import Request.
  Time since last request: 24.133175 seconds.
  path: Assets/Scenes/QuestScene.unity
  artifactKey: Guid(2cda990e2423bbf4892e6590ba056729) Importer(815301076,1909f56bfc062723c751e8b465ee728b)
Start importing Assets/Scenes/QuestScene.unity using Guid(2cda990e2423bbf4892e6590ba056729) Importer(815301076,1909f56bfc062723c751e8b465ee728b)  -> (artifact id: '7fd0affd007a299241f9de9e4e4952d6') in 0.007545 seconds
  Import took 0.015921 seconds .

========================================================================
Received Prepare
Registering precompiled user dll's ...
Registered in 0.005478 seconds.
Begin MonoManager ReloadAssembly
Native extension for WindowsStandalone target not found
Native extension for WebGL target not found
Refreshing native plugins compatible for Editor in 0.76 ms, found 1 plugins.
Preloading 0 native plugins for Editor in 0.00 ms.
Mono: successfully reloaded assembly
- Completed reload, in  2.732 seconds
Platform modules already initialized, skipping
Switching build target platform(5) subTarget(0) extendedPlatform(0) -> platform(13) subTarget(537395200) extendedPlatform(0)
Refreshing native plugins compatible for Editor in 0.80 ms, found 1 plugins.
Preloading 0 native plugins for Editor in 0.00 ms.
Unloading 1842 Unused Serialized files (Serialized files now loaded: 0)
System memory in use before: 93.0 MB.
System memory in use after: 93.0 MB.

Unloading 15 unused Assets to reduce memory usage. Loaded Objects now: 2465.
Total: 4.409000 ms (FindLiveObjects: 0.341300 ms CreateObjectMapping: 0.115600 ms MarkObjects: 3.733700 ms  DeleteObjects: 0.216000 ms)

AssetImportParameters requested are different than current active one (requested -> active):
  custom:graphics/normal-map-encoding: 01000000000000000000000000000000 -> 02000000000000000000000000000000
========================================================================
Received Prepare
Registering precompiled user dll's ...
Registered in 0.009972 seconds.
Begin MonoManager ReloadAssembly
Native extension for WindowsStandalone target not found
Native extension for WebGL target not found
Refreshing native plugins compatible for Editor in 0.88 ms, found 1 plugins.
Preloading 0 native plugins for Editor in 0.00 ms.
Mono: successfully reloaded assembly
- Completed reload, in  2.760 seconds
Platform modules already initialized, skipping
Switching build target platform(5) subTarget(0) extendedPlatform(0) -> platform(13) subTarget(537395200) extendedPlatform(0)
Refreshing native plugins compatible for Editor in 0.81 ms, found 1 plugins.
Preloading 0 native plugins for Editor in 0.00 ms.
Unloading 1842 Unused Serialized files (Serialized files now loaded: 0)
System memory in use before: 93.0 MB.
System memory in use after: 93.0 MB.

Unloading 15 unused Assets to reduce memory usage. Loaded Objects now: 2469.
Total: 4.730800 ms (FindLiveObjects: 0.507100 ms CreateObjectMapping: 0.155400 ms MarkObjects: 3.847200 ms  DeleteObjects: 0.217600 ms)

AssetImportParameters requested are different than current active one (requested -> active):
  custom:graphics/normal-map-encoding: 01000000000000000000000000000000 -> 02000000000000000000000000000000
========================================================================
Received Prepare
Registering precompiled user dll's ...
Registered in 0.005960 seconds.
Begin MonoManager ReloadAssembly
Native extension for WindowsStandalone target not found
Native extension for WebGL target not found
Refreshing native plugins compatible for Editor in 0.84 ms, found 1 plugins.
Preloading 0 native plugins for Editor in 0.00 ms.
Mono: successfully reloaded assembly
- Completed reload, in  2.749 seconds
Platform modules already initialized, skipping
Switching build target platform(5) subTarget(0) extendedPlatform(0) -> platform(13) subTarget(537395200) extendedPlatform(0)
Refreshing native plugins compatible for Editor in 2.63 ms, found 1 plugins.
Preloading 0 native plugins for Editor in 0.00 ms.
Unloading 1842 Unused Serialized files (Serialized files now loaded: 0)
System memory in use before: 93.0 MB.
System memory in use after: 93.0 MB.

Unloading 15 unused Assets to reduce memory usage. Loaded Objects now: 2473.
Total: 13.531600 ms (FindLiveObjects: 1.238900 ms CreateObjectMapping: 0.332400 ms MarkObjects: 11.605000 ms  DeleteObjects: 0.350000 ms)

AssetImportParameters requested are different than current active one (requested -> active):
  custom:graphics/normal-map-encoding: 01000000000000000000000000000000 -> 02000000000000000000000000000000
========================================================================
Received Import Request.
  Time since last request: 2673.341161 seconds.
  path: Assets/Images/TownImage.jpg
  artifactKey: Guid(f20b7e255c660614c996e10eddc7d8ec) Importer(815301076,1909f56bfc062723c751e8b465ee728b)
Start importing Assets/Images/TownImage.jpg using Guid(f20b7e255c660614c996e10eddc7d8ec) Importer(815301076,1909f56bfc062723c751e8b465ee728b)  -> (artifact id: 'a1aa1a8063612ae7b71a1a29edb16d2f') in 0.160315 seconds
  Import took 0.167518 seconds .

========================================================================
Received Import Request.
  Time since last request: 7.222111 seconds.
  path: Assets/Images/TownImage.jpg
  artifactKey: Guid(f20b7e255c660614c996e10eddc7d8ec) Importer(815301076,1909f56bfc062723c751e8b465ee728b)
Start importing Assets/Images/TownImage.jpg using Guid(f20b7e255c660614c996e10eddc7d8ec) Importer(815301076,1909f56bfc062723c751e8b465ee728b)  -> (artifact id: '38d090b0b9ecaba838f45fcfd2c4e2de') in 0.026666 seconds
  Import took 0.035295 seconds .

========================================================================
Received Import Request.
  Time since last request: 0.002852 seconds.
  path: Assets/Images/TownImage.jpg
  artifactKey: Guid(f20b7e255c660614c996e10eddc7d8ec) Importer(815301076,1909f56bfc062723c751e8b465ee728b)
Start importing Assets/Images/TownImage.jpg using Guid(f20b7e255c660614c996e10eddc7d8ec) Importer(815301076,1909f56bfc062723c751e8b465ee728b)  -> (artifact id: '38d090b0b9ecaba838f45fcfd2c4e2de') in 0.040161 seconds
  Import took 0.048915 seconds .

========================================================================
Received Import Request.
  Time since last request: 7.827520 seconds.
  path: Assets/Images/TownImage.jpg
  artifactKey: Guid(f20b7e255c660614c996e10eddc7d8ec) Importer(815301076,1909f56bfc062723c751e8b465ee728b)
Start importing Assets/Images/TownImage.jpg using Guid(f20b7e255c660614c996e10eddc7d8ec) Importer(815301076,1909f56bfc062723c751e8b465ee728b)  -> (artifact id: '9d44094b1b07c33e556993331f6bcf8e') in 0.027527 seconds
  Import took 0.036171 seconds .

========================================================================
Received Import Request.
  Time since last request: 0.046887 seconds.
  path: Assets/Images/TownImage.jpg
  artifactKey: Guid(f20b7e255c660614c996e10eddc7d8ec) Importer(815301076,1909f56bfc062723c751e8b465ee728b)
Start importing Assets/Images/TownImage.jpg using Guid(f20b7e255c660614c996e10eddc7d8ec) Importer(815301076,1909f56bfc062723c751e8b465ee728b)  -> (artifact id: '9d44094b1b07c33e556993331f6bcf8e') in 0.037247 seconds
  Import took 0.046039 seconds .

========================================================================
Received Import Request.
  Time since last request: 10.944745 seconds.
  path: Assets/Images/TownImage.jpg
  artifactKey: Guid(f20b7e255c660614c996e10eddc7d8ec) Importer(815301076,1909f56bfc062723c751e8b465ee728b)
Start importing Assets/Images/TownImage.jpg using Guid(f20b7e255c660614c996e10eddc7d8ec) Importer(815301076,1909f56bfc062723c751e8b465ee728b)  -> (artifact id: '27daa4a3919baf8930834ba0d9c15c3e') in 0.022558 seconds
  Import took 0.030734 seconds .

========================================================================
Received Import Request.
  Time since last request: 0.030634 seconds.
  path: Assets/Images/TownImage.jpg
  artifactKey: Guid(f20b7e255c660614c996e10eddc7d8ec) Importer(815301076,1909f56bfc062723c751e8b465ee728b)
Start importing Assets/Images/TownImage.jpg using Guid(f20b7e255c660614c996e10eddc7d8ec) Importer(815301076,1909f56bfc062723c751e8b465ee728b)  -> (artifact id: '27daa4a3919baf8930834ba0d9c15c3e') in 0.026376 seconds
  Import took 0.034399 seconds .

========================================================================
Received Import Request.
  Time since last request: 3.995178 seconds.
  path: Assets/Images/TownImage.jpg
  artifactKey: Guid(f20b7e255c660614c996e10eddc7d8ec) Importer(815301076,1909f56bfc062723c751e8b465ee728b)
Start importing Assets/Images/TownImage.jpg using Guid(f20b7e255c660614c996e10eddc7d8ec) Importer(815301076,1909f56bfc062723c751e8b465ee728b)  -> (artifact id: 'cdc6972c8916faafd744dc844896e908') in 0.027858 seconds
  Import took 0.037050 seconds .

========================================================================
Received Import Request.
  Time since last request: 41.033762 seconds.
  path: Assets/Images/TownImage.jpg
  artifactKey: Guid(f20b7e255c660614c996e10eddc7d8ec) Importer(815301076,1909f56bfc062723c751e8b465ee728b)
Start importing Assets/Images/TownImage.jpg using Guid(f20b7e255c660614c996e10eddc7d8ec) Importer(815301076,1909f56bfc062723c751e8b465ee728b)  -> (artifact id: '4ca4b3d84e79739256f9382f40ec0adb') in 0.026084 seconds
  Import took 0.033113 seconds .

========================================================================
Received Import Request.
  Time since last request: 0.003069 seconds.
  path: Assets/Images/TownImage.jpg
  artifactKey: Guid(f20b7e255c660614c996e10eddc7d8ec) Importer(815301076,1909f56bfc062723c751e8b465ee728b)
Start importing Assets/Images/TownImage.jpg using Guid(f20b7e255c660614c996e10eddc7d8ec) Importer(815301076,1909f56bfc062723c751e8b465ee728b)  -> (artifact id: '4ca4b3d84e79739256f9382f40ec0adb') in 0.034679 seconds
  Import took 0.043599 seconds .

========================================================================
Received Prepare
Registering precompiled user dll's ...
Registered in 0.005039 seconds.
Begin MonoManager ReloadAssembly
Native extension for WindowsStandalone target not found
Native extension for WebGL target not found
Refreshing native plugins compatible for Editor in 0.78 ms, found 1 plugins.
Preloading 0 native plugins for Editor in 0.00 ms.
Mono: successfully reloaded assembly
- Completed reload, in  2.796 seconds
Platform modules already initialized, skipping
Switching build target platform(5) subTarget(0) extendedPlatform(0) -> platform(13) subTarget(537395200) extendedPlatform(0)
Refreshing native plugins compatible for Editor in 0.80 ms, found 1 plugins.
Preloading 0 native plugins for Editor in 0.00 ms.
Unloading 1842 Unused Serialized files (Serialized files now loaded: 0)
System memory in use before: 93.0 MB.
System memory in use after: 93.0 MB.

Unloading 15 unused Assets to reduce memory usage. Loaded Objects now: 2480.
Total: 4.444600 ms (FindLiveObjects: 0.384100 ms CreateObjectMapping: 0.117000 ms MarkObjects: 3.721300 ms  DeleteObjects: 0.219600 ms)

AssetImportParameters requested are different than current active one (requested -> active):
  custom:graphics/normal-map-encoding: 01000000000000000000000000000000 -> 02000000000000000000000000000000
========================================================================
Received Import Request.
  Time since last request: 6629.514478 seconds.
  path: Assets/Scenes/TitleScene.unity
  artifactKey: Guid(fab28395ecb742f4da0eee94670bd6bd) Importer(815301076,1909f56bfc062723c751e8b465ee728b)
Start importing Assets/Scenes/TitleScene.unity using Guid(fab28395ecb742f4da0eee94670bd6bd) Importer(815301076,1909f56bfc062723c751e8b465ee728b)  -> (artifact id: 'f3aa41d599538d26494518596c04f5e8') in 0.009838 seconds
  Import took 0.013678 seconds .

AssetImportWorkerClient::OnTransportError - code=2 error=End of file
